<?xml version="1.0" encoding="UTF-8"?>
<testsuite xmlns:xsi="http://www.w3.org/2001/XMLSchema-instance" xsi:noNamespaceSchemaLocation="https://maven.apache.org/surefire/maven-surefire-plugin/xsd/surefire-test-report.xsd" version="3.0.2" name="glop.mobilesure.inscription.InscriptionApplicationTests" time="2.303" tests="1" errors="0" skipped="0" failures="0">
  <properties>
[...]
</properties>
  <testcase name="contextLoads" classname="glop.mobilesure.inscription.InscriptionApplicationTests" time="0.643">
    <system-out><![CDATA[12:55:52.652 [main] INFO org.springframework.test.context.support.AnnotationConfigContextLoaderUtils -- Could not detect default configuration classes for test class [glop.mobilesure.inscription.InscriptionApplicationTests]: InscriptionApplicationTests does not declare any static, non-private, non-final, nested classes annotated with @Configuration.
12:55:52.765 [main] INFO org.springframework.boot.test.context.SpringBootTestContextBootstrapper -- Found @SpringBootConfiguration glop.mobilesure.inscription.InscriptionApplication for test class glop.mobilesure.inscription.InscriptionApplicationTests
12:55:52.911 [main] INFO org.springframework.boot.devtools.restart.RestartApplicationListener -- Restart disabled due to context in which it is running

  .   ____          _            __ _ _
 /\\ / ___'_ __ _ _(_)_ __  __ _ \ \ \ \
( ( )\___ | '_ | '_| | '_ \/ _` | \ \ \ \
 \\/  ___)| |_)| | | | | || (_| |  ) ) ) )
  '  |____| .__|_| |_|_| |_\__, | / / / /
 =========|_|==============|___/=/_/_/_/

 :: Spring Boot ::                (v3.4.0)

2024-11-25T12:55:53.130Z  INFO 25580 --- [inscription] [           main] g.m.i.InscriptionApplicationTests        : Starting InscriptionApplicationTests using Java 17.0.12 with PID 25580 (started by FATIMA EZZAHRA MAJID in C:\Users\FATIMA EZZAHRA MAJID\OneDrive\Documents\M2-Lille\GLOP\inscription)
2024-11-25T12:55:53.132Z  INFO 25580 --- [inscription] [           main] g.m.i.InscriptionApplicationTests        : No active profile set, falling back to 1 default profile: "default"
2024-11-25T12:55:54.137Z  INFO 25580 --- [inscription] [           main] g.m.i.InscriptionApplicationTests        : Started InscriptionApplicationTests in 1.236 seconds (process running for 2.047)
]]></system-out>
  </testcase>
</testsuite>