<?xml version="1.0" encoding="UTF-8"?>
<testsuite xmlns:xsi="http://www.w3.org/2001/XMLSchema-instance" xsi:noNamespaceSchemaLocation="https://maven.apache.org/surefire/maven-surefire-plugin/xsd/surefire-test-report.xsd" version="3.0.2" name="com.example.devis.DevisApplicationTests" time="5.579" tests="1" errors="0" skipped="0" failures="0">
  <properties>
[...]
</properties>
  <testcase name="contextLoads" classname="com.example.devis.DevisApplicationTests" time="0.529">
    <system-out><![CDATA[16:45:56.255 [main] INFO org.springframework.test.context.support.AnnotationConfigContextLoaderUtils -- Could not detect default configuration classes for test class [com.example.devis.DevisApplicationTests]: DevisApplicationTests does not declare any static, non-private, non-final, nested classes annotated with @Configuration.
16:45:56.399 [main] INFO org.springframework.boot.test.context.SpringBootTestContextBootstrapper -- Found @SpringBootConfiguration com.example.devis.DevisApplication for test class com.example.devis.DevisApplicationTests

  .   ____          _            __ _ _
 /\\ / ___'_ __ _ _(_)_ __  __ _ \ \ \ \
( ( )\___ | '_ | '_| | '_ \/ _` | \ \ \ \
 \\/  ___)| |_)| | | | | || (_| |  ) ) ) )
  '  |____| .__|_| |_|_| |_\__, | / / / /
 =========|_|==============|___/=/_/_/_/

 :: Spring Boot ::                (v3.4.0)

2025-01-06T16:45:56.913Z  INFO 23292 --- [devis] [           main] c.example.devis.DevisApplicationTests    : Starting DevisApplicationTests using Java 17.0.12 with PID 23292 (started by FATIMA EZZAHRA MAJID in C:\Users\FATIMA EZZAHRA MAJID\OneDrive\Documents\M2-Lille\GLOP\devis)
2025-01-06T16:45:56.914Z  INFO 23292 --- [devis] [           main] c.example.devis.DevisApplicationTests    : No active profile set, falling back to 1 default profile: "default"
2025-01-06T16:45:57.693Z  INFO 23292 --- [devis] [           main] .s.d.r.c.RepositoryConfigurationDelegate : Bootstrapping Spring Data JPA repositories in DEFAULT mode.
2025-01-06T16:45:57.730Z  INFO 23292 --- [devis] [           main] .s.d.r.c.RepositoryConfigurationDelegate : Finished Spring Data repository scanning in 17 ms. Found 0 JPA repository interfaces.
2025-01-06T16:45:58.216Z  INFO 23292 --- [devis] [           main] com.zaxxer.hikari.HikariDataSource       : HikariPool-1 - Starting...
2025-01-06T16:45:58.468Z  INFO 23292 --- [devis] [           main] com.zaxxer.hikari.pool.HikariPool        : HikariPool-1 - Added connection conn0: url=jdbc:h2:mem:devisdb user=SA
2025-01-06T16:45:58.470Z  INFO 23292 --- [devis] [           main] com.zaxxer.hikari.HikariDataSource       : HikariPool-1 - Start completed.
2025-01-06T16:45:58.545Z  INFO 23292 --- [devis] [           main] o.hibernate.jpa.internal.util.LogHelper  : HHH000204: Processing PersistenceUnitInfo [name: default]
2025-01-06T16:45:58.653Z  INFO 23292 --- [devis] [           main] org.hibernate.Version                    : HHH000412: Hibernate ORM core version 6.6.2.Final
2025-01-06T16:45:58.713Z  INFO 23292 --- [devis] [           main] o.h.c.internal.RegionFactoryInitiator    : HHH000026: Second-level cache disabled
2025-01-06T16:45:59.232Z  INFO 23292 --- [devis] [           main] o.s.o.j.p.SpringPersistenceUnitInfo      : No LoadTimeWeaver setup: ignoring JPA class transformer
2025-01-06T16:45:59.298Z  WARN 23292 --- [devis] [           main] org.hibernate.orm.deprecation            : HHH90000025: H2Dialect does not need to be specified explicitly using 'hibernate.dialect' (remove the property setting and it will be selected by default)
2025-01-06T16:45:59.321Z  INFO 23292 --- [devis] [           main] org.hibernate.orm.connections.pooling    : HHH10001005: Database info:
	Database JDBC URL [Connecting through datasource 'HikariDataSource (HikariPool-1)']
	Database driver: undefined/unknown
	Database version: 2.3.232
	Autocommit mode: undefined/unknown
	Isolation level: undefined/unknown
	Minimum pool size: undefined/unknown
	Maximum pool size: undefined/unknown
2025-01-06T16:46:00.283Z  INFO 23292 --- [devis] [           main] o.h.e.t.j.p.i.JtaPlatformInitiator       : HHH000489: No JTA platform available (set 'hibernate.transaction.jta.platform' to enable JTA platform integration)
2025-01-06T16:46:00.325Z  INFO 23292 --- [devis] [           main] j.LocalContainerEntityManagerFactoryBean : Initialized JPA EntityManagerFactory for persistence unit 'default'
2025-01-06T16:46:00.519Z  WARN 23292 --- [devis] [           main] JpaBaseConfiguration$JpaWebConfiguration : spring.jpa.open-in-view is enabled by default. Therefore, database queries may be performed during view rendering. Explicitly configure spring.jpa.open-in-view to disable this warning
2025-01-06T16:46:01.001Z  INFO 23292 --- [devis] [           main] o.s.b.a.h2.H2ConsoleAutoConfiguration    : H2 console available at '/h2-console'. Database available at 'jdbc:h2:mem:devisdb'
2025-01-06T16:46:01.076Z  INFO 23292 --- [devis] [           main] c.example.devis.DevisApplicationTests    : Started DevisApplicationTests in 4.479 seconds (process running for 5.627)
]]></system-out>
  </testcase>
</testsuite>